<?xml version="1.0" encoding="UTF-8"?>
<!-- Generated by org.testng.reporters.JUnitReportReporter -->
<testsuite skipped="1" hostname="DESKTOP-U6UNKHJ" name="com.testing.features.Ignore2_Concept" tests="5" failures="0" timestamp="2022-03-29T16:22:08 IST" time="0.045" errors="0">
  <testcase name="wynkMusic" time="0.010" classname="com.testing.features.Ignore2_Concept"/>
  <system-out/>
  <testcase name="instagram" time="0.020" classname="com.testing.features.Ignore2_Concept"/>
  <system-out/>
  <testcase name="spotify" time="0.004" classname="com.testing.features.Ignore2_Concept"/>
  <system-out/>
  <testcase name="whatsapp" time="0.011" classname="com.testing.features.Ignore2_Concept"/>
  <system-out/>
  <testcase name="books" classname="com.testing.features.Ignore2_Concept">
    <skipped/>
  </testcase> <!-- books -->
  <system-out/>
</testsuite> <!-- com.testing.features.Ignore2_Concept -->
