<?xml version="1.0" encoding="UTF-8"?>
<!-- Generated by org.testng.reporters.JUnitReportReporter -->
<testsuite skipped="0" hostname="DESKTOP-U6UNKHJ" name="com.testing.features.Priority_Concepts" tests="3" failures="0" timestamp="2022-04-01T13:03:57 IST" time="0.032" errors="0">
  <testcase name="username" time="0.004" classname="com.testing.features.Priority_Concepts"/>
  <system-out/>
  <testcase name="login" time="0.016" classname="com.testing.features.Priority_Concepts"/>
  <system-out/>
  <testcase name="password" time="0.012" classname="com.testing.features.Priority_Concepts"/>
  <system-out/>
</testsuite> <!-- com.testing.features.Priority_Concepts -->
