<?xml version="1.0" encoding="UTF-8"?>
<!-- Generated by org.testng.reporters.JUnitReportReporter -->
<testsuite skipped="0" hostname="DESKTOP-U6UNKHJ" name="com.testing.features.Dependency_Test" tests="4" failures="0" timestamp="2022-03-31T22:21:09 IST" time="0.058" errors="0">
  <testcase name="url" time="0.007" classname="com.testing.features.Dependency_Test"/>
  <system-out/>
  <testcase name="watch" time="0.023" classname="com.testing.features.Dependency_Test"/>
  <system-out/>
  <testcase name="browser" time="0.024" classname="com.testing.features.Dependency_Test"/>
  <system-out/>
  <testcase name="offer" time="0.004" classname="com.testing.features.Dependency_Test"/>
  <system-out/>
</testsuite> <!-- com.testing.features.Dependency_Test -->
