<?xml version="1.0" encoding="UTF-8"?>
<!-- Generated by org.testng.reporters.JUnitReportReporter -->
<testsuite skipped="0" hostname="DESKTOP-U6UNKHJ" name="com.testing.features.TimeOut_Test" tests="1" failures="0" timestamp="2022-03-30T15:34:49 IST" time="5.032" errors="0">
  <testcase name="browser_Execution" time="5.032" classname="com.testing.features.TimeOut_Test"/>
  <system-out/>
</testsuite> <!-- com.testing.features.TimeOut_Test -->
