<?xml version="1.0" encoding="UTF-8"?>
<!-- Generated by org.testng.reporters.JUnitReportReporter -->
<testsuite skipped="0" hostname="DESKTOP-U6UNKHJ" name="com.testing.features.Annotations_Demo" tests="2" failures="0" timestamp="2022-03-29T16:21:50 IST" time="0.047" errors="0">
  <testcase name="women" time="0.007" classname="com.testing.features.Annotations_Demo"/>
  <system-out/>
  <testcase name="children" time="0.040" classname="com.testing.features.Annotations_Demo"/>
  <system-out/>
</testsuite> <!-- com.testing.features.Annotations_Demo -->
