<?xml version="1.0" encoding="UTF-8"?>
<!-- Generated by org.testng.reporters.JUnitReportReporter -->
<testsuite skipped="0" hostname="DESKTOP-U6UNKHJ" name="com.testing.features.Practice1_Demo" tests="4" failures="0" timestamp="2022-03-31T21:18:36 IST" time="0.035" errors="0">
  <testcase name="tshirt" time="0.006" classname="com.testing.features.Practice1_Demo"/>
  <system-out/>
  <testcase name="dhothi" time="0.020" classname="com.testing.features.Practice1_Demo"/>
  <system-out/>
  <testcase name="dress" time="0.004" classname="com.testing.features.Practice1_Demo"/>
  <system-out/>
  <testcase name="women" time="0.005" classname="com.testing.features.Practice1_Demo"/>
  <system-out/>
</testsuite> <!-- com.testing.features.Practice1_Demo -->
