<?xml version="1.0" encoding="UTF-8"?>
<!-- Generated by org.testng.reporters.JUnitReportReporter -->
<testsuite skipped="0" hostname="DESKTOP-U6UNKHJ" name="com.testing.features.Pratice_Demo" tests="1" failures="0" timestamp="2022-03-31T21:04:18 IST" time="0.021" errors="0">
  <testcase name="browser" time="0.021" classname="com.testing.features.Pratice_Demo"/>
  <system-out/>
</testsuite> <!-- com.testing.features.Pratice_Demo -->
