<?xml version="1.0" encoding="UTF-8"?>
<!-- Generated by org.testng.reporters.JUnitReportReporter -->
<testsuite skipped="0" hostname="DESKTOP-U6UNKHJ" name="com.testing.features.Group_Priority" tests="5" failures="0" timestamp="2022-03-29T16:43:03 IST" time="0.047" errors="0">
  <testcase name="wynkMusic" time="0.004" classname="com.testing.features.Group_Priority"/>
  <system-out/>
  <testcase name="books" time="0.018" classname="com.testing.features.Group_Priority"/>
  <system-out/>
  <testcase name="instagram" time="0.005" classname="com.testing.features.Group_Priority"/>
  <system-out/>
  <testcase name="whatsapp" time="0.012" classname="com.testing.features.Group_Priority"/>
  <system-out/>
  <testcase name="spotify" time="0.008" classname="com.testing.features.Group_Priority"/>
  <system-out/>
</testsuite> <!-- com.testing.features.Group_Priority -->
