<?xml version="1.0" encoding="UTF-8"?>
<!-- Generated by org.testng.reporters.JUnitReportReporter -->
<testsuite skipped="1" hostname="DESKTOP-U6UNKHJ" name="com.testing.features.Ignore_Concept" tests="3" failures="0" timestamp="2022-03-29T16:27:18 IST" time="0.024" errors="0">
  <testcase name="spotify" time="0.019" classname="com.testing.features.Ignore_Concept"/>
  <system-out/>
  <testcase name="wynkMusic" time="0.005" classname="com.testing.features.Ignore_Concept"/>
  <system-out/>
  <testcase name="books" classname="com.testing.features.Ignore_Concept">
    <skipped/>
  </testcase> <!-- books -->
  <system-out/>
</testsuite> <!-- com.testing.features.Ignore_Concept -->
