<?xml version="1.0" encoding="UTF-8"?>
<!-- Generated by org.testng.reporters.JUnitReportReporter -->
<testsuite skipped="0" hostname="DESKTOP-U6UNKHJ" name="com.testing.features.TimeOut1" tests="1" failures="0" timestamp="2022-03-30T15:43:22 IST" time="14.911" errors="0">
  <testcase name="Browser_Launch" time="14.911" classname="com.testing.features.TimeOut1"/>
  <system-out/>
</testsuite> <!-- com.testing.features.TimeOut1 -->
