<?xml version="1.0" encoding="UTF-8"?>
<!-- Generated by org.testng.reporters.JUnitReportReporter -->
<testsuite skipped="0" hostname="DESKTOP-U6UNKHJ" name="com.testing.features.Groups_Concept" tests="5" failures="0" timestamp="2022-03-29T22:23:46 IST" time="0.068" errors="0">
  <testcase name="whatsapp" time="0.024" classname="com.testing.features.Groups_Concept"/>
  <system-out/>
  <testcase name="wynkMusic" time="0.006" classname="com.testing.features.Groups_Concept"/>
  <system-out/>
  <testcase name="books" time="0.024" classname="com.testing.features.Groups_Concept"/>
  <system-out/>
  <testcase name="instagram" time="0.006" classname="com.testing.features.Groups_Concept"/>
  <system-out/>
  <testcase name="spotify" time="0.008" classname="com.testing.features.Groups_Concept"/>
  <system-out/>
</testsuite> <!-- com.testing.features.Groups_Concept -->
