<?xml version="1.0" encoding="UTF-8"?>
<!-- Generated by org.testng.reporters.JUnitReportReporter -->
<testsuite skipped="0" hostname="DESKTOP-U6UNKHJ" name="com.testing.features.data_Provider" tests="3" failures="0" timestamp="2022-03-31T23:40:08 IST" time="0.016" errors="0">
  <testcase name="data" time="0.000" classname="com.testing.features.data_Provider"/>
  <system-out/>
  <testcase name="data" time="0.016" classname="com.testing.features.data_Provider"/>
  <system-out/>
  <testcase name="data" time="0.000" classname="com.testing.features.data_Provider"/>
  <system-out/>
</testsuite> <!-- com.testing.features.data_Provider -->
