<?xml version="1.0" encoding="UTF-8"?>
<!-- Generated by org.testng.reporters.JUnitReportReporter -->
<testsuite skipped="0" hostname="DESKTOP-U6UNKHJ" name="com.testing.features.Automation_Tng" tests="3" failures="0" timestamp="2022-04-02T19:17:26 IST" time="128.250" errors="0">
  <testcase name="Tshirt" time="40.684" classname="com.testing.features.Automation_Tng"/>
  <system-out/>
  <testcase name="Dress" time="40.675" classname="com.testing.features.Automation_Tng"/>
  <system-out/>
  <testcase name="womenOrder" time="46.891" classname="com.testing.features.Automation_Tng"/>
  <system-out/>
</testsuite> <!-- com.testing.features.Automation_Tng -->
