<?xml version="1.0" encoding="UTF-8"?>
<!-- Generated by org.testng.reporters.JUnitReportReporter -->
<testsuite skipped="0" hostname="DESKTOP-U6UNKHJ" name="com.testing.features.Parallel_Exe" tests="2" failures="0" timestamp="2022-04-01T12:51:31 IST" time="0.031" errors="0">
  <testcase name="password" time="0.025" classname="com.testing.features.Parallel_Exe"/>
  <system-out/>
  <testcase name="usename" time="0.006" classname="com.testing.features.Parallel_Exe"/>
  <system-out/>
</testsuite> <!-- com.testing.features.Parallel_Exe -->
