<?xml version="1.0" encoding="UTF-8"?>
<!-- Generated by org.testng.reporters.JUnitReportReporter -->
<testsuite skipped="0" hostname="DESKTOP-U6UNKHJ" name="com.testing.features.parameterized_Test" tests="1" failures="0" timestamp="2022-03-31T22:31:50 IST" time="0.019" errors="0">
  <testcase name="data" time="0.019" classname="com.testing.features.parameterized_Test"/>
  <system-out/>
</testsuite> <!-- com.testing.features.parameterized_Test -->
