<?xml version="1.0" encoding="UTF-8"?>
<!-- Generated by org.testng.reporters.JUnitReportReporter -->
<testsuite skipped="0" hostname="DESKTOP-U6UNKHJ" name="com.testing.features.Innovation_Couint" tests="6" failures="0" timestamp="2022-03-31T21:25:31 IST" time="0.079" errors="0">
  <testcase name="browser_Launch" time="0.019" classname="com.testing.features.Innovation_Couint"/>
  <system-out/>
  <testcase name="launchUrl" time="0.005" classname="com.testing.features.Innovation_Couint"/>
  <system-out/>
  <testcase name="refresh" time="0.011" classname="com.testing.features.Innovation_Couint"/>
  <system-out/>
  <testcase name="refresh" time="0.026" classname="com.testing.features.Innovation_Couint"/>
  <system-out/>
  <testcase name="refresh" time="0.008" classname="com.testing.features.Innovation_Couint"/>
  <system-out/>
  <testcase name="credentials" time="0.010" classname="com.testing.features.Innovation_Couint"/>
  <system-out/>
</testsuite> <!-- com.testing.features.Innovation_Couint -->
